Vivado Simulator 2019.1
Copyright 1986-1999, 2001-2019 Xilinx, Inc. All Rights Reserved.
Running: C:/Xilinx/Vivado/2019.1/bin/unwrapped/win64.o/xelab.exe -wto 41991b1414cf4776a09cf064e55ab403 --incr --debug typical --relax --mt 2 -L xil_defaultlib -L secureip --snapshot switch_omega_network_tb_behav xil_defaultlib.switch_omega_network_tb -log elaborate.log 
Using 2 slave threads.
Starting static elaboration
Completed static elaboration
Starting simulation data flow analysis
Completed simulation data flow analysis
Time Resolution for simulation is 1ps
Compiling package std.standard
Compiling package std.textio
Compiling package ieee.std_logic_1164
Compiling architecture dataflow of entity xil_defaultlib.unita_controllo [unita_controllo_default]
Compiling architecture dataflow of entity xil_defaultlib.mux_2_1 [mux_2_1_default]
Compiling architecture dataflow of entity xil_defaultlib.demux_2_1 [demux_2_1_default]
Compiling architecture structural of entity xil_defaultlib.switch_2_2 [switch_2_2_default]
Compiling architecture structural of entity xil_defaultlib.switch_4_4 [switch_4_4_default]
Compiling architecture structural of entity xil_defaultlib.switch_omega_network [switch_omega_network_default]
Compiling architecture behavioral of entity xil_defaultlib.switch_omega_network_tb
Built simulation snapshot switch_omega_network_tb_behav
